<?xml version="1.0" encoding="UTF-8" ?>
<testsuite tests="10" failures="0" name="NumberRangeJUnitTest" time="0.136" errors="0" skipped="0">
  <properties>
[...]
</properties>
  <testcase classname="NumberRangeJUnitTest" name="NumberRangeJUnitTest.testTenNumbersWithTwoSequentialGroupsAsInput" time="0.029"/>
  <testcase classname="NumberRangeJUnitTest" name="NumberRangeJUnitTest.testTenDiffSequentialNumbersAsInput" time="0"/>
  <testcase classname="NumberRangeJUnitTest" name="NumberRangeJUnitTest.testEmptyStringAsInput" time="0.087"/>
  <testcase classname="NumberRangeJUnitTest" name="NumberRangeJUnitTest.testSpaceCharacterAsInput" time="0"/>
  <testcase classname="NumberRangeJUnitTest" name="NumberRangeJUnitTest.testTwoSameNumbersAsInput" time="0"/>
  <testcase classname="NumberRangeJUnitTest" name="NumberRangeJUnitTest.testTwoDiffNumbersAsInput" time="0"/>
  <testcase classname="NumberRangeJUnitTest" name="NumberRangeJUnitTest.testFiveSequentialNumbersAsInput" time="0"/>
  <testcase classname="NumberRangeJUnitTest" name="NumberRangeJUnitTest.testSingleNumberAsInput" time="0"/>
  <testcase classname="NumberRangeJUnitTest" name="NumberRangeJUnitTest.testWordsAsInput" time="0.019"/>
  <testcase classname="NumberRangeJUnitTest" name="NumberRangeJUnitTest.testSampleInput" time="0.001"/>
</testsuite>